{"C:\\Users\\User\\OneDrive\\Desktop\\PROYECTOS-PRUEBAS-DE-SW\\proyecto-biblioteca\\src\\app.js": {"path":"C:\\Users\\User\\OneDrive\\Desktop\\PROYECTOS-PRUEBAS-DE-SW\\proyecto-biblioteca\\src\\app.js","statementMap":{"0":{"start":{"line":1,"column":16},"end":{"line":1,"column":34}},"1":{"start":{"line":2,"column":13},"end":{"line":2,"column":28}},"2":{"start":{"line":3,"column":13},"end":{"line":3,"column":28}},"3":{"start":{"line":5,"column":23},"end":{"line":5,"column":58}},"4":{"start":{"line":6,"column":22},"end":{"line":6,"column":56}},"5":{"start":{"line":7,"column":20},"end":{"line":7,"column":52}},"6":{"start":{"line":8,"column":24},"end":{"line":8,"column":60}},"7":{"start":{"line":11,"column":2},"end":{"line":16,"column":4}},"8":{"start":{"line":19,"column":12},"end":{"line":19,"column":21}},"9":{"start":{"line":20,"column":0},"end":{"line":20,"column":16}},"10":{"start":{"line":21,"column":0},"end":{"line":21,"column":24}},"11":{"start":{"line":23,"column":0},"end":{"line":23,"column":53}},"12":{"start":{"line":24,"column":0},"end":{"line":24,"column":55}},"13":{"start":{"line":25,"column":0},"end":{"line":25,"column":49}},"14":{"start":{"line":26,"column":0},"end":{"line":26,"column":62}},"15":{"start":{"line":28,"column":0},"end":{"line":30,"column":3}},"16":{"start":{"line":29,"column":2},"end":{"line":29,"column":29}},"17":{"start":{"line":32,"column":19},"end":{"line":32,"column":49}},"18":{"start":{"line":33,"column":0},"end":{"line":33,"column":36}},"19":{"start":{"line":35,"column":0},"end":{"line":37,"column":3}},"20":{"start":{"line":36,"column":2},"end":{"line":36,"column":85}},"21":{"start":{"line":39,"column":13},"end":{"line":39,"column":37}},"22":{"start":{"line":40,"column":0},"end":{"line":42,"column":1}},"23":{"start":{"line":41,"column":2},"end":{"line":41,"column":19}},"24":{"start":{"line":44,"column":0},"end":{"line":44,"column":21}}},"fnMap":{"0":{"name":"errorResponse","decl":{"start":{"line":10,"column":9},"end":{"line":10,"column":22}},"loc":{"start":{"line":10,"column":49},"end":{"line":17,"column":1}},"line":10},"1":{"name":"(anonymous_1)","decl":{"start":{"line":28,"column":19},"end":{"line":28,"column":20}},"loc":{"start":{"line":28,"column":33},"end":{"line":30,"column":1}},"line":28},"2":{"name":"(anonymous_2)","decl":{"start":{"line":35,"column":8},"end":{"line":35,"column":9}},"loc":{"start":{"line":35,"column":22},"end":{"line":37,"column":1}},"line":35}},"branchMap":{"0":{"loc":{"start":{"line":39,"column":13},"end":{"line":39,"column":37}},"type":"binary-expr","locations":[{"start":{"line":39,"column":13},"end":{"line":39,"column":29}},{"start":{"line":39,"column":33},"end":{"line":39,"column":37}}],"line":39},"1":{"loc":{"start":{"line":40,"column":0},"end":{"line":42,"column":1}},"type":"if","locations":[{"start":{"line":40,"column":0},"end":{"line":42,"column":1}},{"start":{},"end":{}}],"line":40}},"s":{"0":5,"1":5,"2":5,"3":5,"4":5,"5":5,"6":5,"7":4,"8":5,"9":5,"10":5,"11":5,"12":5,"13":5,"14":5,"15":5,"16":1,"17":5,"18":5,"19":5,"20":4,"21":5,"22":5,"23":0,"24":5},"f":{"0":4,"1":1,"2":4},"b":{"0":[5,5],"1":[0,5]},"_coverageSchema":"1a1c01bbd47fc00a2c39e90264f33305004495a9","hash":"64ab71f460159a78e5934af4228e271ae63fcbb2"}
,"C:\\Users\\User\\OneDrive\\Desktop\\PROYECTOS-PRUEBAS-DE-SW\\proyecto-biblioteca\\src\\controllers\\empleado.controller.js": {"path":"C:\\Users\\User\\OneDrive\\Desktop\\PROYECTOS-PRUEBAS-DE-SW\\proyecto-biblioteca\\src\\controllers\\empleado.controller.js","statementMap":{"0":{"start":{"line":1,"column":20},"end":{"line":1,"column":66}},"1":{"start":{"line":2,"column":18},"end":{"line":2,"column":20}},"2":{"start":{"line":5,"column":2},"end":{"line":5,"column":60}},"3":{"start":{"line":5,"column":31},"end":{"line":5,"column":58}},"4":{"start":{"line":9,"column":2},"end":{"line":9,"column":22}},"5":{"start":{"line":13,"column":56},"end":{"line":13,"column":64}},"6":{"start":{"line":14,"column":2},"end":{"line":16,"column":3}},"7":{"start":{"line":15,"column":4},"end":{"line":15,"column":160}},"8":{"start":{"line":17,"column":2},"end":{"line":19,"column":3}},"9":{"start":{"line":18,"column":4},"end":{"line":18,"column":136}},"10":{"start":{"line":20,"column":2},"end":{"line":22,"column":3}},"11":{"start":{"line":21,"column":4},"end":{"line":21,"column":154}},"12":{"start":{"line":23,"column":2},"end":{"line":25,"column":3}},"13":{"start":{"line":23,"column":28},"end":{"line":23,"column":47}},"14":{"start":{"line":24,"column":4},"end":{"line":24,"column":143}},"15":{"start":{"line":26,"column":16},"end":{"line":26,"column":135}},"16":{"start":{"line":27,"column":2},"end":{"line":27,"column":24}},"17":{"start":{"line":28,"column":2},"end":{"line":28,"column":30}},"18":{"start":{"line":32,"column":15},"end":{"line":32,"column":38}},"19":{"start":{"line":33,"column":2},"end":{"line":35,"column":3}},"20":{"start":{"line":34,"column":4},"end":{"line":34,"column":144}},"21":{"start":{"line":36,"column":2},"end":{"line":36,"column":17}},"22":{"start":{"line":40,"column":14},"end":{"line":40,"column":80}},"23":{"start":{"line":40,"column":41},"end":{"line":40,"column":79}},"24":{"start":{"line":41,"column":2},"end":{"line":43,"column":3}},"25":{"start":{"line":42,"column":4},"end":{"line":42,"column":144}},"26":{"start":{"line":44,"column":2},"end":{"line":44,"column":27}},"27":{"start":{"line":45,"column":2},"end":{"line":45,"column":24}},"28":{"start":{"line":49,"column":14},"end":{"line":49,"column":80}},"29":{"start":{"line":49,"column":41},"end":{"line":49,"column":79}},"30":{"start":{"line":50,"column":2},"end":{"line":52,"column":3}},"31":{"start":{"line":51,"column":4},"end":{"line":51,"column":144}},"32":{"start":{"line":53,"column":56},"end":{"line":53,"column":64}},"33":{"start":{"line":54,"column":2},"end":{"line":56,"column":3}},"34":{"start":{"line":55,"column":4},"end":{"line":55,"column":154}},"35":{"start":{"line":57,"column":2},"end":{"line":59,"column":3}},"36":{"start":{"line":58,"column":4},"end":{"line":58,"column":136}},"37":{"start":{"line":60,"column":2},"end":{"line":62,"column":3}},"38":{"start":{"line":61,"column":4},"end":{"line":61,"column":154}},"39":{"start":{"line":63,"column":2},"end":{"line":65,"column":3}},"40":{"start":{"line":63,"column":41},"end":{"line":63,"column":73}},"41":{"start":{"line":64,"column":4},"end":{"line":64,"column":143}},"42":{"start":{"line":66,"column":19},"end":{"line":66,"column":33}},"43":{"start":{"line":67,"column":2},"end":{"line":72,"column":5}},"44":{"start":{"line":73,"column":2},"end":{"line":73,"column":27}},"45":{"start":{"line":76,"column":0},"end":{"line":76,"column":70}}},"fnMap":{"0":{"name":"findById","decl":{"start":{"line":4,"column":9},"end":{"line":4,"column":17}},"loc":{"start":{"line":4,"column":22},"end":{"line":6,"column":1}},"line":4},"1":{"name":"(anonymous_1)","decl":{"start":{"line":5,"column":24},"end":{"line":5,"column":25}},"loc":{"start":{"line":5,"column":31},"end":{"line":5,"column":58}},"line":5},"2":{"name":"list","decl":{"start":{"line":8,"column":9},"end":{"line":8,"column":13}},"loc":{"start":{"line":8,"column":24},"end":{"line":10,"column":1}},"line":8},"3":{"name":"create","decl":{"start":{"line":12,"column":9},"end":{"line":12,"column":15}},"loc":{"start":{"line":12,"column":26},"end":{"line":29,"column":1}},"line":12},"4":{"name":"(anonymous_4)","decl":{"start":{"line":23,"column":21},"end":{"line":23,"column":22}},"loc":{"start":{"line":23,"column":28},"end":{"line":23,"column":47}},"line":23},"5":{"name":"getById","decl":{"start":{"line":31,"column":9},"end":{"line":31,"column":16}},"loc":{"start":{"line":31,"column":27},"end":{"line":37,"column":1}},"line":31},"6":{"name":"remove","decl":{"start":{"line":39,"column":9},"end":{"line":39,"column":15}},"loc":{"start":{"line":39,"column":26},"end":{"line":46,"column":1}},"line":39},"7":{"name":"(anonymous_7)","decl":{"start":{"line":40,"column":34},"end":{"line":40,"column":35}},"loc":{"start":{"line":40,"column":41},"end":{"line":40,"column":79}},"line":40},"8":{"name":"update","decl":{"start":{"line":48,"column":9},"end":{"line":48,"column":15}},"loc":{"start":{"line":48,"column":26},"end":{"line":74,"column":1}},"line":48},"9":{"name":"(anonymous_9)","decl":{"start":{"line":49,"column":34},"end":{"line":49,"column":35}},"loc":{"start":{"line":49,"column":41},"end":{"line":49,"column":79}},"line":49},"10":{"name":"(anonymous_10)","decl":{"start":{"line":63,"column":31},"end":{"line":63,"column":32}},"loc":{"start":{"line":63,"column":41},"end":{"line":63,"column":73}},"line":63}},"branchMap":{"0":{"loc":{"start":{"line":14,"column":2},"end":{"line":16,"column":3}},"type":"if","locations":[{"start":{"line":14,"column":2},"end":{"line":16,"column":3}},{"start":{},"end":{}}],"line":14},"1":{"loc":{"start":{"line":14,"column":6},"end":{"line":14,"column":50}},"type":"binary-expr","locations":[{"start":{"line":14,"column":6},"end":{"line":14,"column":13}},{"start":{"line":14,"column":17},"end":{"line":14,"column":50}}],"line":14},"2":{"loc":{"start":{"line":17,"column":2},"end":{"line":19,"column":3}},"type":"if","locations":[{"start":{"line":17,"column":2},"end":{"line":19,"column":3}},{"start":{},"end":{}}],"line":17},"3":{"loc":{"start":{"line":20,"column":2},"end":{"line":22,"column":3}},"type":"if","locations":[{"start":{"line":20,"column":2},"end":{"line":22,"column":3}},{"start":{},"end":{}}],"line":20},"4":{"loc":{"start":{"line":20,"column":6},"end":{"line":20,"column":49}},"type":"binary-expr","locations":[{"start":{"line":20,"column":6},"end":{"line":20,"column":33}},{"start":{"line":20,"column":37},"end":{"line":20,"column":49}}],"line":20},"5":{"loc":{"start":{"line":23,"column":2},"end":{"line":25,"column":3}},"type":"if","locations":[{"start":{"line":23,"column":2},"end":{"line":25,"column":3}},{"start":{},"end":{}}],"line":23},"6":{"loc":{"start":{"line":26,"column":88},"end":{"line":26,"column":133}},"type":"binary-expr","locations":[{"start":{"line":26,"column":88},"end":{"line":26,"column":105}},{"start":{"line":26,"column":109},"end":{"line":26,"column":133}}],"line":26},"7":{"loc":{"start":{"line":33,"column":2},"end":{"line":35,"column":3}},"type":"if","locations":[{"start":{"line":33,"column":2},"end":{"line":35,"column":3}},{"start":{},"end":{}}],"line":33},"8":{"loc":{"start":{"line":41,"column":2},"end":{"line":43,"column":3}},"type":"if","locations":[{"start":{"line":41,"column":2},"end":{"line":43,"column":3}},{"start":{},"end":{}}],"line":41},"9":{"loc":{"start":{"line":50,"column":2},"end":{"line":52,"column":3}},"type":"if","locations":[{"start":{"line":50,"column":2},"end":{"line":52,"column":3}},{"start":{},"end":{}}],"line":50},"10":{"loc":{"start":{"line":54,"column":2},"end":{"line":56,"column":3}},"type":"if","locations":[{"start":{"line":54,"column":2},"end":{"line":56,"column":3}},{"start":{},"end":{}}],"line":54},"11":{"loc":{"start":{"line":54,"column":6},"end":{"line":54,"column":49}},"type":"binary-expr","locations":[{"start":{"line":54,"column":6},"end":{"line":54,"column":12}},{"start":{"line":54,"column":16},"end":{"line":54,"column":49}}],"line":54},"12":{"loc":{"start":{"line":57,"column":2},"end":{"line":59,"column":3}},"type":"if","locations":[{"start":{"line":57,"column":2},"end":{"line":59,"column":3}},{"start":{},"end":{}}],"line":57},"13":{"loc":{"start":{"line":57,"column":6},"end":{"line":57,"column":43}},"type":"binary-expr","locations":[{"start":{"line":57,"column":6},"end":{"line":57,"column":11}},{"start":{"line":57,"column":15},"end":{"line":57,"column":43}}],"line":57},"14":{"loc":{"start":{"line":60,"column":2},"end":{"line":62,"column":3}},"type":"if","locations":[{"start":{"line":60,"column":2},"end":{"line":62,"column":3}},{"start":{},"end":{}}],"line":60},"15":{"loc":{"start":{"line":60,"column":6},"end":{"line":60,"column":76}},"type":"binary-expr","locations":[{"start":{"line":60,"column":6},"end":{"line":60,"column":27}},{"start":{"line":60,"column":32},"end":{"line":60,"column":59}},{"start":{"line":60,"column":63},"end":{"line":60,"column":75}}],"line":60},"16":{"loc":{"start":{"line":63,"column":2},"end":{"line":65,"column":3}},"type":"if","locations":[{"start":{"line":63,"column":2},"end":{"line":65,"column":3}},{"start":{},"end":{}}],"line":63},"17":{"loc":{"start":{"line":63,"column":6},"end":{"line":63,"column":74}},"type":"binary-expr","locations":[{"start":{"line":63,"column":6},"end":{"line":63,"column":12}},{"start":{"line":63,"column":16},"end":{"line":63,"column":74}}],"line":63},"18":{"loc":{"start":{"line":63,"column":41},"end":{"line":63,"column":73}},"type":"binary-expr","locations":[{"start":{"line":63,"column":41},"end":{"line":63,"column":60}},{"start":{"line":63,"column":64},"end":{"line":63,"column":73}}],"line":63},"19":{"loc":{"start":{"line":68,"column":12},"end":{"line":68,"column":59}},"type":"cond-expr","locations":[{"start":{"line":68,"column":35},"end":{"line":68,"column":41}},{"start":{"line":68,"column":44},"end":{"line":68,"column":59}}],"line":68},"20":{"loc":{"start":{"line":69,"column":11},"end":{"line":69,"column":55}},"type":"cond-expr","locations":[{"start":{"line":69,"column":33},"end":{"line":69,"column":38}},{"start":{"line":69,"column":41},"end":{"line":69,"column":55}}],"line":69},"21":{"loc":{"start":{"line":70,"column":13},"end":{"line":70,"column":63}},"type":"cond-expr","locations":[{"start":{"line":70,"column":37},"end":{"line":70,"column":44}},{"start":{"line":70,"column":47},"end":{"line":70,"column":63}}],"line":70},"22":{"loc":{"start":{"line":71,"column":23},"end":{"line":71,"column":103}},"type":"cond-expr","locations":[{"start":{"line":71,"column":57},"end":{"line":71,"column":74}},{"start":{"line":71,"column":77},"end":{"line":71,"column":103}}],"line":71}},"s":{"0":5,"1":5,"2":3,"3":3,"4":1,"5":7,"6":7,"7":1,"8":6,"9":1,"10":5,"11":2,"12":3,"13":2,"14":1,"15":2,"16":2,"17":2,"18":3,"19":3,"20":2,"21":1,"22":2,"23":3,"24":2,"25":1,"26":1,"27":1,"28":6,"29":7,"30":6,"31":1,"32":5,"33":5,"34":1,"35":4,"36":1,"37":3,"38":1,"39":2,"40":3,"41":1,"42":1,"43":1,"44":1,"45":5},"f":{"0":3,"1":3,"2":1,"3":7,"4":2,"5":3,"6":2,"7":3,"8":6,"9":7,"10":3},"b":{"0":[1,6],"1":[7,7],"2":[1,5],"3":[2,3],"4":[5,4],"5":[1,2],"6":[2,2],"7":[2,1],"8":[1,1],"9":[1,5],"10":[1,4],"11":[5,3],"12":[1,3],"13":[4,2],"14":[1,2],"15":[3,2,2],"16":[1,1],"17":[2,2],"18":[3,1],"19":[1,0],"20":[1,0],"21":[1,0],"22":[0,1]},"_coverageSchema":"1a1c01bbd47fc00a2c39e90264f33305004495a9","hash":"eb0a62233d011a22b53bf437825bcd8e0809b7a4"}
,"C:\\Users\\User\\OneDrive\\Desktop\\PROYECTOS-PRUEBAS-DE-SW\\proyecto-biblioteca\\src\\controllers\\libro.controller.js": {"path":"C:\\Users\\User\\OneDrive\\Desktop\\PROYECTOS-PRUEBAS-DE-SW\\proyecto-biblioteca\\src\\controllers\\libro.controller.js","statementMap":{"0":{"start":{"line":1,"column":22},"end":{"line":4,"column":1}},"1":{"start":{"line":8,"column":4},"end":{"line":8,"column":19}},"2":{"start":{"line":9,"column":4},"end":{"line":9,"column":25}},"3":{"start":{"line":15,"column":4},"end":{"line":15,"column":51}},"4":{"start":{"line":15,"column":40},"end":{"line":15,"column":48}},"5":{"start":{"line":19,"column":4},"end":{"line":19,"column":23}},"6":{"start":{"line":23,"column":18},"end":{"line":23,"column":68}},"7":{"start":{"line":23,"column":40},"end":{"line":23,"column":67}},"8":{"start":{"line":24,"column":4},"end":{"line":24,"column":63}},"9":{"start":{"line":24,"column":16},"end":{"line":24,"column":63}},"10":{"start":{"line":25,"column":4},"end":{"line":25,"column":17}},"11":{"start":{"line":29,"column":55},"end":{"line":29,"column":59}},"12":{"start":{"line":31,"column":4},"end":{"line":33,"column":5}},"13":{"start":{"line":32,"column":6},"end":{"line":32,"column":101}},"14":{"start":{"line":35,"column":4},"end":{"line":37,"column":5}},"15":{"start":{"line":36,"column":6},"end":{"line":36,"column":87}},"16":{"start":{"line":39,"column":4},"end":{"line":41,"column":5}},"17":{"start":{"line":39,"column":30},"end":{"line":39,"column":45}},"18":{"start":{"line":40,"column":6},"end":{"line":40,"column":66}},"19":{"start":{"line":43,"column":18},"end":{"line":50,"column":5}},"20":{"start":{"line":52,"column":4},"end":{"line":52,"column":28}},"21":{"start":{"line":53,"column":4},"end":{"line":53,"column":17}},"22":{"start":{"line":57,"column":16},"end":{"line":57,"column":71}},"23":{"start":{"line":57,"column":43},"end":{"line":57,"column":70}},"24":{"start":{"line":58,"column":4},"end":{"line":58,"column":67}},"25":{"start":{"line":58,"column":20},"end":{"line":58,"column":67}},"26":{"start":{"line":60,"column":21},"end":{"line":60,"column":37}},"27":{"start":{"line":61,"column":55},"end":{"line":61,"column":59}},"28":{"start":{"line":63,"column":4},"end":{"line":65,"column":5}},"29":{"start":{"line":63,"column":57},"end":{"line":63,"column":85}},"30":{"start":{"line":64,"column":6},"end":{"line":64,"column":66}},"31":{"start":{"line":67,"column":4},"end":{"line":75,"column":5}},"32":{"start":{"line":68,"column":6},"end":{"line":70,"column":7}},"33":{"start":{"line":69,"column":8},"end":{"line":69,"column":89}},"34":{"start":{"line":71,"column":24},"end":{"line":71,"column":83}},"35":{"start":{"line":72,"column":6},"end":{"line":74,"column":7}},"36":{"start":{"line":73,"column":8},"end":{"line":73,"column":116}},"37":{"start":{"line":77,"column":30},"end":{"line":79,"column":38}},"38":{"start":{"line":81,"column":20},"end":{"line":88,"column":5}},"39":{"start":{"line":90,"column":4},"end":{"line":90,"column":31}},"40":{"start":{"line":91,"column":4},"end":{"line":91,"column":19}},"41":{"start":{"line":95,"column":16},"end":{"line":95,"column":71}},"42":{"start":{"line":95,"column":43},"end":{"line":95,"column":70}},"43":{"start":{"line":96,"column":4},"end":{"line":96,"column":67}},"44":{"start":{"line":96,"column":20},"end":{"line":96,"column":67}},"45":{"start":{"line":97,"column":4},"end":{"line":99,"column":5}},"46":{"start":{"line":98,"column":6},"end":{"line":98,"column":89}},"47":{"start":{"line":100,"column":4},"end":{"line":100,"column":31}},"48":{"start":{"line":104,"column":21},"end":{"line":104,"column":52}},"49":{"start":{"line":106,"column":20},"end":{"line":114,"column":1}},"50":{"start":{"line":107,"column":17},"end":{"line":107,"column":34}},"51":{"start":{"line":108,"column":2},"end":{"line":113,"column":5}},"52":{"start":{"line":116,"column":13},"end":{"line":116,"column":58}},"53":{"start":{"line":116,"column":27},"end":{"line":116,"column":58}},"54":{"start":{"line":118,"column":15},"end":{"line":125,"column":1}},"55":{"start":{"line":119,"column":2},"end":{"line":124,"column":3}},"56":{"start":{"line":120,"column":18},"end":{"line":120,"column":47}},"57":{"start":{"line":121,"column":4},"end":{"line":121,"column":32}},"58":{"start":{"line":123,"column":4},"end":{"line":123,"column":31}},"59":{"start":{"line":127,"column":16},"end":{"line":134,"column":1}},"60":{"start":{"line":128,"column":2},"end":{"line":133,"column":3}},"61":{"start":{"line":129,"column":18},"end":{"line":129,"column":54}},"62":{"start":{"line":130,"column":4},"end":{"line":130,"column":20}},"63":{"start":{"line":132,"column":4},"end":{"line":132,"column":31}},"64":{"start":{"line":136,"column":15},"end":{"line":143,"column":1}},"65":{"start":{"line":137,"column":2},"end":{"line":142,"column":3}},"66":{"start":{"line":138,"column":20},"end":{"line":138,"column":64}},"67":{"start":{"line":139,"column":4},"end":{"line":139,"column":22}},"68":{"start":{"line":141,"column":4},"end":{"line":141,"column":31}},"69":{"start":{"line":145,"column":15},"end":{"line":152,"column":1}},"70":{"start":{"line":146,"column":2},"end":{"line":151,"column":3}},"71":{"start":{"line":147,"column":4},"end":{"line":147,"column":39}},"72":{"start":{"line":148,"column":4},"end":{"line":148,"column":26}},"73":{"start":{"line":150,"column":4},"end":{"line":150,"column":31}},"74":{"start":{"line":154,"column":0},"end":{"line":154,"column":73}}},"fnMap":{"0":{"name":"(anonymous_0)","decl":{"start":{"line":7,"column":2},"end":{"line":7,"column":3}},"loc":{"start":{"line":7,"column":37},"end":{"line":10,"column":3}},"line":7},"1":{"name":"(anonymous_1)","decl":{"start":{"line":14,"column":2},"end":{"line":14,"column":3}},"loc":{"start":{"line":14,"column":43},"end":{"line":16,"column":3}},"line":14},"2":{"name":"(anonymous_2)","decl":{"start":{"line":15,"column":34},"end":{"line":15,"column":35}},"loc":{"start":{"line":15,"column":40},"end":{"line":15,"column":48}},"line":15},"3":{"name":"(anonymous_3)","decl":{"start":{"line":18,"column":2},"end":{"line":18,"column":3}},"loc":{"start":{"line":18,"column":11},"end":{"line":20,"column":3}},"line":18},"4":{"name":"(anonymous_4)","decl":{"start":{"line":22,"column":2},"end":{"line":22,"column":3}},"loc":{"start":{"line":22,"column":15},"end":{"line":26,"column":3}},"line":22},"5":{"name":"(anonymous_5)","decl":{"start":{"line":23,"column":35},"end":{"line":23,"column":36}},"loc":{"start":{"line":23,"column":40},"end":{"line":23,"column":67}},"line":23},"6":{"name":"(anonymous_6)","decl":{"start":{"line":28,"column":2},"end":{"line":28,"column":3}},"loc":{"start":{"line":28,"column":15},"end":{"line":54,"column":3}},"line":28},"7":{"name":"(anonymous_7)","decl":{"start":{"line":39,"column":25},"end":{"line":39,"column":26}},"loc":{"start":{"line":39,"column":30},"end":{"line":39,"column":45}},"line":39},"8":{"name":"(anonymous_8)","decl":{"start":{"line":56,"column":2},"end":{"line":56,"column":3}},"loc":{"start":{"line":56,"column":19},"end":{"line":92,"column":3}},"line":56},"9":{"name":"(anonymous_9)","decl":{"start":{"line":57,"column":38},"end":{"line":57,"column":39}},"loc":{"start":{"line":57,"column":43},"end":{"line":57,"column":70}},"line":57},"10":{"name":"(anonymous_10)","decl":{"start":{"line":63,"column":47},"end":{"line":63,"column":48}},"loc":{"start":{"line":63,"column":57},"end":{"line":63,"column":85}},"line":63},"11":{"name":"(anonymous_11)","decl":{"start":{"line":94,"column":2},"end":{"line":94,"column":3}},"loc":{"start":{"line":94,"column":13},"end":{"line":101,"column":3}},"line":94},"12":{"name":"(anonymous_12)","decl":{"start":{"line":95,"column":38},"end":{"line":95,"column":39}},"loc":{"start":{"line":95,"column":43},"end":{"line":95,"column":70}},"line":95},"13":{"name":"(anonymous_13)","decl":{"start":{"line":106,"column":20},"end":{"line":106,"column":21}},"loc":{"start":{"line":106,"column":39},"end":{"line":114,"column":1}},"line":106},"14":{"name":"(anonymous_14)","decl":{"start":{"line":116,"column":13},"end":{"line":116,"column":14}},"loc":{"start":{"line":116,"column":27},"end":{"line":116,"column":58}},"line":116},"15":{"name":"(anonymous_15)","decl":{"start":{"line":118,"column":15},"end":{"line":118,"column":16}},"loc":{"start":{"line":118,"column":29},"end":{"line":125,"column":1}},"line":118},"16":{"name":"(anonymous_16)","decl":{"start":{"line":127,"column":16},"end":{"line":127,"column":17}},"loc":{"start":{"line":127,"column":30},"end":{"line":134,"column":1}},"line":127},"17":{"name":"(anonymous_17)","decl":{"start":{"line":136,"column":15},"end":{"line":136,"column":16}},"loc":{"start":{"line":136,"column":29},"end":{"line":143,"column":1}},"line":136},"18":{"name":"(anonymous_18)","decl":{"start":{"line":145,"column":15},"end":{"line":145,"column":16}},"loc":{"start":{"line":145,"column":29},"end":{"line":152,"column":1}},"line":145}},"branchMap":{"0":{"loc":{"start":{"line":7,"column":23},"end":{"line":7,"column":35}},"type":"default-arg","locations":[{"start":{"line":7,"column":32},"end":{"line":7,"column":35}}],"line":7},"1":{"loc":{"start":{"line":14,"column":14},"end":{"line":14,"column":41}},"type":"default-arg","locations":[{"start":{"line":14,"column":28},"end":{"line":14,"column":41}}],"line":14},"2":{"loc":{"start":{"line":24,"column":4},"end":{"line":24,"column":63}},"type":"if","locations":[{"start":{"line":24,"column":4},"end":{"line":24,"column":63}},{"start":{},"end":{}}],"line":24},"3":{"loc":{"start":{"line":31,"column":4},"end":{"line":33,"column":5}},"type":"if","locations":[{"start":{"line":31,"column":4},"end":{"line":33,"column":5}},{"start":{},"end":{}}],"line":31},"4":{"loc":{"start":{"line":31,"column":8},"end":{"line":31,"column":99}},"type":"binary-expr","locations":[{"start":{"line":31,"column":8},"end":{"line":31,"column":15}},{"start":{"line":31,"column":19},"end":{"line":31,"column":25}},{"start":{"line":31,"column":29},"end":{"line":31,"column":34}},{"start":{"line":31,"column":38},"end":{"line":31,"column":64}},{"start":{"line":31,"column":68},"end":{"line":31,"column":99}}],"line":31},"5":{"loc":{"start":{"line":35,"column":4},"end":{"line":37,"column":5}},"type":"if","locations":[{"start":{"line":35,"column":4},"end":{"line":37,"column":5}},{"start":{},"end":{}}],"line":35},"6":{"loc":{"start":{"line":35,"column":8},"end":{"line":35,"column":70}},"type":"binary-expr","locations":[{"start":{"line":35,"column":8},"end":{"line":35,"column":44}},{"start":{"line":35,"column":48},"end":{"line":35,"column":70}}],"line":35},"7":{"loc":{"start":{"line":39,"column":4},"end":{"line":41,"column":5}},"type":"if","locations":[{"start":{"line":39,"column":4},"end":{"line":41,"column":5}},{"start":{},"end":{}}],"line":39},"8":{"loc":{"start":{"line":58,"column":4},"end":{"line":58,"column":67}},"type":"if","locations":[{"start":{"line":58,"column":4},"end":{"line":58,"column":67}},{"start":{},"end":{}}],"line":58},"9":{"loc":{"start":{"line":63,"column":4},"end":{"line":65,"column":5}},"type":"if","locations":[{"start":{"line":63,"column":4},"end":{"line":65,"column":5}},{"start":{},"end":{}}],"line":63},"10":{"loc":{"start":{"line":63,"column":8},"end":{"line":63,"column":86}},"type":"binary-expr","locations":[{"start":{"line":63,"column":8},"end":{"line":63,"column":26}},{"start":{"line":63,"column":30},"end":{"line":63,"column":86}}],"line":63},"11":{"loc":{"start":{"line":63,"column":57},"end":{"line":63,"column":85}},"type":"binary-expr","locations":[{"start":{"line":63,"column":57},"end":{"line":63,"column":72}},{"start":{"line":63,"column":76},"end":{"line":63,"column":85}}],"line":63},"12":{"loc":{"start":{"line":67,"column":4},"end":{"line":75,"column":5}},"type":"if","locations":[{"start":{"line":67,"column":4},"end":{"line":75,"column":5}},{"start":{},"end":{}}],"line":67},"13":{"loc":{"start":{"line":68,"column":6},"end":{"line":70,"column":7}},"type":"if","locations":[{"start":{"line":68,"column":6},"end":{"line":70,"column":7}},{"start":{},"end":{}}],"line":68},"14":{"loc":{"start":{"line":68,"column":10},"end":{"line":68,"column":72}},"type":"binary-expr","locations":[{"start":{"line":68,"column":10},"end":{"line":68,"column":46}},{"start":{"line":68,"column":50},"end":{"line":68,"column":72}}],"line":68},"15":{"loc":{"start":{"line":72,"column":6},"end":{"line":74,"column":7}},"type":"if","locations":[{"start":{"line":72,"column":6},"end":{"line":74,"column":7}},{"start":{},"end":{}}],"line":72},"16":{"loc":{"start":{"line":77,"column":30},"end":{"line":79,"column":38}},"type":"cond-expr","locations":[{"start":{"line":78,"column":8},"end":{"line":78,"column":89}},{"start":{"line":79,"column":8},"end":{"line":79,"column":38}}],"line":77},"17":{"loc":{"start":{"line":83,"column":14},"end":{"line":83,"column":39}},"type":"binary-expr","locations":[{"start":{"line":83,"column":14},"end":{"line":83,"column":20}},{"start":{"line":83,"column":24},"end":{"line":83,"column":39}}],"line":83},"18":{"loc":{"start":{"line":84,"column":13},"end":{"line":84,"column":36}},"type":"binary-expr","locations":[{"start":{"line":84,"column":13},"end":{"line":84,"column":18}},{"start":{"line":84,"column":22},"end":{"line":84,"column":36}}],"line":84},"19":{"loc":{"start":{"line":85,"column":12},"end":{"line":85,"column":33}},"type":"binary-expr","locations":[{"start":{"line":85,"column":12},"end":{"line":85,"column":16}},{"start":{"line":85,"column":20},"end":{"line":85,"column":33}}],"line":85},"20":{"loc":{"start":{"line":86,"column":25},"end":{"line":86,"column":72}},"type":"binary-expr","locations":[{"start":{"line":86,"column":25},"end":{"line":86,"column":42}},{"start":{"line":86,"column":46},"end":{"line":86,"column":72}}],"line":86},"21":{"loc":{"start":{"line":96,"column":4},"end":{"line":96,"column":67}},"type":"if","locations":[{"start":{"line":96,"column":4},"end":{"line":96,"column":67}},{"start":{},"end":{}}],"line":96},"22":{"loc":{"start":{"line":97,"column":4},"end":{"line":99,"column":5}},"type":"if","locations":[{"start":{"line":97,"column":4},"end":{"line":99,"column":5}},{"start":{},"end":{}}],"line":97},"23":{"loc":{"start":{"line":107,"column":17},"end":{"line":107,"column":34}},"type":"binary-expr","locations":[{"start":{"line":107,"column":17},"end":{"line":107,"column":27}},{"start":{"line":107,"column":31},"end":{"line":107,"column":34}}],"line":107}},"s":{"0":5,"1":11,"2":11,"3":10,"4":10,"5":1,"6":2,"7":6,"8":2,"9":1,"10":1,"11":13,"12":13,"13":2,"14":11,"15":2,"16":9,"17":12,"18":2,"19":7,"20":7,"21":7,"22":7,"23":18,"24":7,"25":1,"26":6,"27":6,"28":6,"29":3,"30":1,"31":5,"32":3,"33":1,"34":2,"35":2,"36":0,"37":4,"38":4,"39":4,"40":4,"41":3,"42":10,"43":3,"44":1,"45":2,"46":0,"47":2,"48":5,"49":5,"50":9,"51":9,"52":5,"53":1,"54":5,"55":7,"56":7,"57":3,"58":4,"59":5,"60":2,"61":2,"62":1,"63":1,"64":5,"65":5,"66":5,"67":2,"68":3,"69":5,"70":3,"71":3,"72":2,"73":1,"74":5},"f":{"0":11,"1":10,"2":10,"3":1,"4":2,"5":6,"6":13,"7":12,"8":7,"9":18,"10":3,"11":3,"12":10,"13":9,"14":1,"15":7,"16":2,"17":5,"18":3},"b":{"0":[0],"1":[0],"2":[1,1],"3":[2,11],"4":[13,13,11,11,11],"5":[2,9],"6":[11,10],"7":[2,7],"8":[1,6],"9":[1,5],"10":[6,1],"11":[3,1],"12":[3,2],"13":[1,2],"14":[3,3],"15":[0,2],"16":[2,2],"17":[4,2],"18":[4,4],"19":[4,4],"20":[4,2],"21":[1,2],"22":[0,2],"23":[9,0]},"_coverageSchema":"1a1c01bbd47fc00a2c39e90264f33305004495a9","hash":"1db2fedb01637fc2c2f3677cb1605981554f806d"}
,"C:\\Users\\User\\OneDrive\\Desktop\\PROYECTOS-PRUEBAS-DE-SW\\proyecto-biblioteca\\src\\controllers\\proveedor.controller.js": {"path":"C:\\Users\\User\\OneDrive\\Desktop\\PROYECTOS-PRUEBAS-DE-SW\\proyecto-biblioteca\\src\\controllers\\proveedor.controller.js","statementMap":{"0":{"start":{"line":1,"column":20},"end":{"line":1,"column":22}},"1":{"start":{"line":4,"column":2},"end":{"line":4,"column":62}},"2":{"start":{"line":4,"column":33},"end":{"line":4,"column":60}},"3":{"start":{"line":8,"column":2},"end":{"line":8,"column":24}},"4":{"start":{"line":12,"column":71},"end":{"line":12,"column":79}},"5":{"start":{"line":13,"column":2},"end":{"line":15,"column":3}},"6":{"start":{"line":14,"column":4},"end":{"line":14,"column":140}},"7":{"start":{"line":16,"column":2},"end":{"line":18,"column":3}},"8":{"start":{"line":17,"column":4},"end":{"line":17,"column":134}},"9":{"start":{"line":19,"column":2},"end":{"line":21,"column":3}},"10":{"start":{"line":19,"column":30},"end":{"line":19,"column":43}},"11":{"start":{"line":20,"column":4},"end":{"line":20,"column":147}},"12":{"start":{"line":22,"column":2},"end":{"line":24,"column":3}},"13":{"start":{"line":23,"column":4},"end":{"line":23,"column":148}},"14":{"start":{"line":25,"column":21},"end":{"line":25,"column":49}},"15":{"start":{"line":26,"column":2},"end":{"line":28,"column":3}},"16":{"start":{"line":27,"column":4},"end":{"line":27,"column":136}},"17":{"start":{"line":29,"column":2},"end":{"line":31,"column":3}},"18":{"start":{"line":30,"column":4},"end":{"line":30,"column":152}},"19":{"start":{"line":32,"column":16},"end":{"line":32,"column":103}},"20":{"start":{"line":33,"column":2},"end":{"line":33,"column":26}},"21":{"start":{"line":34,"column":2},"end":{"line":34,"column":30}},"22":{"start":{"line":38,"column":15},"end":{"line":38,"column":38}},"23":{"start":{"line":39,"column":2},"end":{"line":41,"column":3}},"24":{"start":{"line":40,"column":4},"end":{"line":40,"column":145}},"25":{"start":{"line":42,"column":2},"end":{"line":42,"column":17}},"26":{"start":{"line":46,"column":14},"end":{"line":46,"column":82}},"27":{"start":{"line":46,"column":43},"end":{"line":46,"column":81}},"28":{"start":{"line":47,"column":2},"end":{"line":49,"column":3}},"29":{"start":{"line":48,"column":4},"end":{"line":48,"column":145}},"30":{"start":{"line":50,"column":2},"end":{"line":50,"column":29}},"31":{"start":{"line":51,"column":2},"end":{"line":51,"column":24}},"32":{"start":{"line":55,"column":14},"end":{"line":55,"column":82}},"33":{"start":{"line":55,"column":43},"end":{"line":55,"column":81}},"34":{"start":{"line":56,"column":2},"end":{"line":58,"column":3}},"35":{"start":{"line":57,"column":4},"end":{"line":57,"column":145}},"36":{"start":{"line":59,"column":71},"end":{"line":59,"column":79}},"37":{"start":{"line":60,"column":2},"end":{"line":67,"column":3}},"38":{"start":{"line":61,"column":4},"end":{"line":63,"column":5}},"39":{"start":{"line":62,"column":6},"end":{"line":62,"column":136}},"40":{"start":{"line":64,"column":4},"end":{"line":66,"column":5}},"41":{"start":{"line":64,"column":35},"end":{"line":64,"column":61}},"42":{"start":{"line":65,"column":6},"end":{"line":65,"column":149}},"43":{"start":{"line":68,"column":2},"end":{"line":70,"column":3}},"44":{"start":{"line":69,"column":4},"end":{"line":69,"column":148}},"45":{"start":{"line":71,"column":2},"end":{"line":76,"column":3}},"46":{"start":{"line":72,"column":23},"end":{"line":72,"column":51}},"47":{"start":{"line":73,"column":4},"end":{"line":75,"column":5}},"48":{"start":{"line":74,"column":6},"end":{"line":74,"column":138}},"49":{"start":{"line":77,"column":2},"end":{"line":79,"column":3}},"50":{"start":{"line":78,"column":4},"end":{"line":78,"column":152}},"51":{"start":{"line":80,"column":19},"end":{"line":80,"column":35}},"52":{"start":{"line":81,"column":2},"end":{"line":88,"column":5}},"53":{"start":{"line":89,"column":2},"end":{"line":89,"column":29}},"54":{"start":{"line":92,"column":0},"end":{"line":92,"column":72}}},"fnMap":{"0":{"name":"findById","decl":{"start":{"line":3,"column":9},"end":{"line":3,"column":17}},"loc":{"start":{"line":3,"column":22},"end":{"line":5,"column":1}},"line":3},"1":{"name":"(anonymous_1)","decl":{"start":{"line":4,"column":26},"end":{"line":4,"column":27}},"loc":{"start":{"line":4,"column":33},"end":{"line":4,"column":60}},"line":4},"2":{"name":"list","decl":{"start":{"line":7,"column":9},"end":{"line":7,"column":13}},"loc":{"start":{"line":7,"column":24},"end":{"line":9,"column":1}},"line":7},"3":{"name":"create","decl":{"start":{"line":11,"column":9},"end":{"line":11,"column":15}},"loc":{"start":{"line":11,"column":26},"end":{"line":35,"column":1}},"line":11},"4":{"name":"(anonymous_4)","decl":{"start":{"line":19,"column":23},"end":{"line":19,"column":24}},"loc":{"start":{"line":19,"column":30},"end":{"line":19,"column":43}},"line":19},"5":{"name":"getById","decl":{"start":{"line":37,"column":9},"end":{"line":37,"column":16}},"loc":{"start":{"line":37,"column":27},"end":{"line":43,"column":1}},"line":37},"6":{"name":"remove","decl":{"start":{"line":45,"column":9},"end":{"line":45,"column":15}},"loc":{"start":{"line":45,"column":26},"end":{"line":52,"column":1}},"line":45},"7":{"name":"(anonymous_7)","decl":{"start":{"line":46,"column":36},"end":{"line":46,"column":37}},"loc":{"start":{"line":46,"column":43},"end":{"line":46,"column":81}},"line":46},"8":{"name":"update","decl":{"start":{"line":54,"column":9},"end":{"line":54,"column":15}},"loc":{"start":{"line":54,"column":26},"end":{"line":90,"column":1}},"line":54},"9":{"name":"(anonymous_9)","decl":{"start":{"line":55,"column":36},"end":{"line":55,"column":37}},"loc":{"start":{"line":55,"column":43},"end":{"line":55,"column":81}},"line":55},"10":{"name":"(anonymous_10)","decl":{"start":{"line":64,"column":25},"end":{"line":64,"column":26}},"loc":{"start":{"line":64,"column":35},"end":{"line":64,"column":61}},"line":64}},"branchMap":{"0":{"loc":{"start":{"line":13,"column":2},"end":{"line":15,"column":3}},"type":"if","locations":[{"start":{"line":13,"column":2},"end":{"line":15,"column":3}},{"start":{},"end":{}}],"line":13},"1":{"loc":{"start":{"line":16,"column":2},"end":{"line":18,"column":3}},"type":"if","locations":[{"start":{"line":16,"column":2},"end":{"line":18,"column":3}},{"start":{},"end":{}}],"line":16},"2":{"loc":{"start":{"line":19,"column":2},"end":{"line":21,"column":3}},"type":"if","locations":[{"start":{"line":19,"column":2},"end":{"line":21,"column":3}},{"start":{},"end":{}}],"line":19},"3":{"loc":{"start":{"line":22,"column":2},"end":{"line":24,"column":3}},"type":"if","locations":[{"start":{"line":22,"column":2},"end":{"line":24,"column":3}},{"start":{},"end":{}}],"line":22},"4":{"loc":{"start":{"line":22,"column":6},"end":{"line":22,"column":71}},"type":"binary-expr","locations":[{"start":{"line":22,"column":6},"end":{"line":22,"column":20}},{"start":{"line":22,"column":24},"end":{"line":22,"column":71}}],"line":22},"5":{"loc":{"start":{"line":26,"column":2},"end":{"line":28,"column":3}},"type":"if","locations":[{"start":{"line":26,"column":2},"end":{"line":28,"column":3}},{"start":{},"end":{}}],"line":26},"6":{"loc":{"start":{"line":26,"column":6},"end":{"line":26,"column":38}},"type":"binary-expr","locations":[{"start":{"line":26,"column":6},"end":{"line":26,"column":11}},{"start":{"line":26,"column":15},"end":{"line":26,"column":38}}],"line":26},"7":{"loc":{"start":{"line":29,"column":2},"end":{"line":31,"column":3}},"type":"if","locations":[{"start":{"line":29,"column":2},"end":{"line":31,"column":3}},{"start":{},"end":{}}],"line":29},"8":{"loc":{"start":{"line":29,"column":26},"end":{"line":29,"column":40}},"type":"binary-expr","locations":[{"start":{"line":29,"column":26},"end":{"line":29,"column":34}},{"start":{"line":29,"column":38},"end":{"line":29,"column":40}}],"line":29},"9":{"loc":{"start":{"line":39,"column":2},"end":{"line":41,"column":3}},"type":"if","locations":[{"start":{"line":39,"column":2},"end":{"line":41,"column":3}},{"start":{},"end":{}}],"line":39},"10":{"loc":{"start":{"line":47,"column":2},"end":{"line":49,"column":3}},"type":"if","locations":[{"start":{"line":47,"column":2},"end":{"line":49,"column":3}},{"start":{},"end":{}}],"line":47},"11":{"loc":{"start":{"line":56,"column":2},"end":{"line":58,"column":3}},"type":"if","locations":[{"start":{"line":56,"column":2},"end":{"line":58,"column":3}},{"start":{},"end":{}}],"line":56},"12":{"loc":{"start":{"line":60,"column":2},"end":{"line":67,"column":3}},"type":"if","locations":[{"start":{"line":60,"column":2},"end":{"line":67,"column":3}},{"start":{},"end":{}}],"line":60},"13":{"loc":{"start":{"line":61,"column":4},"end":{"line":63,"column":5}},"type":"if","locations":[{"start":{"line":61,"column":4},"end":{"line":63,"column":5}},{"start":{},"end":{}}],"line":61},"14":{"loc":{"start":{"line":64,"column":4},"end":{"line":66,"column":5}},"type":"if","locations":[{"start":{"line":64,"column":4},"end":{"line":66,"column":5}},{"start":{},"end":{}}],"line":64},"15":{"loc":{"start":{"line":64,"column":35},"end":{"line":64,"column":61}},"type":"binary-expr","locations":[{"start":{"line":64,"column":35},"end":{"line":64,"column":48}},{"start":{"line":64,"column":52},"end":{"line":64,"column":61}}],"line":64},"16":{"loc":{"start":{"line":68,"column":2},"end":{"line":70,"column":3}},"type":"if","locations":[{"start":{"line":68,"column":2},"end":{"line":70,"column":3}},{"start":{},"end":{}}],"line":68},"17":{"loc":{"start":{"line":68,"column":6},"end":{"line":68,"column":70}},"type":"binary-expr","locations":[{"start":{"line":68,"column":6},"end":{"line":68,"column":19}},{"start":{"line":68,"column":23},"end":{"line":68,"column":70}}],"line":68},"18":{"loc":{"start":{"line":71,"column":2},"end":{"line":76,"column":3}},"type":"if","locations":[{"start":{"line":71,"column":2},"end":{"line":76,"column":3}},{"start":{},"end":{}}],"line":71},"19":{"loc":{"start":{"line":73,"column":4},"end":{"line":75,"column":5}},"type":"if","locations":[{"start":{"line":73,"column":4},"end":{"line":75,"column":5}},{"start":{},"end":{}}],"line":73},"20":{"loc":{"start":{"line":77,"column":2},"end":{"line":79,"column":3}},"type":"if","locations":[{"start":{"line":77,"column":2},"end":{"line":79,"column":3}},{"start":{},"end":{}}],"line":77},"21":{"loc":{"start":{"line":77,"column":6},"end":{"line":77,"column":47}},"type":"binary-expr","locations":[{"start":{"line":77,"column":6},"end":{"line":77,"column":14}},{"start":{"line":77,"column":18},"end":{"line":77,"column":47}}],"line":77},"22":{"loc":{"start":{"line":82,"column":19},"end":{"line":82,"column":87}},"type":"cond-expr","locations":[{"start":{"line":82,"column":49},"end":{"line":82,"column":62}},{"start":{"line":82,"column":65},"end":{"line":82,"column":87}}],"line":82},"23":{"loc":{"start":{"line":83,"column":9},"end":{"line":83,"column":47}},"type":"cond-expr","locations":[{"start":{"line":83,"column":29},"end":{"line":83,"column":32}},{"start":{"line":83,"column":35},"end":{"line":83,"column":47}}],"line":83},"24":{"loc":{"start":{"line":84,"column":14},"end":{"line":84,"column":67}},"type":"cond-expr","locations":[{"start":{"line":84,"column":39},"end":{"line":84,"column":47}},{"start":{"line":84,"column":50},"end":{"line":84,"column":67}}],"line":84},"25":{"loc":{"start":{"line":85,"column":14},"end":{"line":85,"column":67}},"type":"cond-expr","locations":[{"start":{"line":85,"column":39},"end":{"line":85,"column":47}},{"start":{"line":85,"column":50},"end":{"line":85,"column":67}}],"line":85},"26":{"loc":{"start":{"line":86,"column":11},"end":{"line":86,"column":55}},"type":"cond-expr","locations":[{"start":{"line":86,"column":33},"end":{"line":86,"column":38}},{"start":{"line":86,"column":41},"end":{"line":86,"column":55}}],"line":86},"27":{"loc":{"start":{"line":87,"column":15},"end":{"line":87,"column":71}},"type":"cond-expr","locations":[{"start":{"line":87,"column":41},"end":{"line":87,"column":50}},{"start":{"line":87,"column":53},"end":{"line":87,"column":71}}],"line":87}},"s":{"0":5,"1":3,"2":5,"3":1,"4":8,"5":8,"6":1,"7":7,"8":0,"9":7,"10":10,"11":1,"12":6,"13":0,"14":6,"15":6,"16":0,"17":6,"18":3,"19":3,"20":3,"21":3,"22":3,"23":3,"24":2,"25":1,"26":2,"27":4,"28":2,"29":1,"30":1,"31":1,"32":9,"33":11,"34":9,"35":1,"36":8,"37":8,"38":3,"39":1,"40":2,"41":6,"42":1,"43":6,"44":1,"45":5,"46":2,"47":2,"48":1,"49":4,"50":1,"51":3,"52":3,"53":3,"54":5},"f":{"0":3,"1":5,"2":1,"3":8,"4":10,"5":3,"6":2,"7":4,"8":9,"9":11,"10":6},"b":{"0":[1,7],"1":[0,7],"2":[1,6],"3":[0,6],"4":[6,6],"5":[0,6],"6":[6,5],"7":[3,3],"8":[6,1],"9":[2,1],"10":[1,1],"11":[1,8],"12":[3,5],"13":[1,2],"14":[1,1],"15":[6,1],"16":[1,5],"17":[6,3],"18":[2,3],"19":[1,1],"20":[1,3],"21":[4,2],"22":[2,1],"23":[1,2],"24":[1,2],"25":[1,2],"26":[1,2],"27":[1,2]},"_coverageSchema":"1a1c01bbd47fc00a2c39e90264f33305004495a9","hash":"d44c27804e89642c86da381ad3628f4010bd0bc0"}
,"C:\\Users\\User\\OneDrive\\Desktop\\PROYECTOS-PRUEBAS-DE-SW\\proyecto-biblioteca\\src\\controllers\\usuario.controller.js": {"path":"C:\\Users\\User\\OneDrive\\Desktop\\PROYECTOS-PRUEBAS-DE-SW\\proyecto-biblioteca\\src\\controllers\\usuario.controller.js","statementMap":{"0":{"start":{"line":1,"column":17},"end":{"line":1,"column":19}},"1":{"start":{"line":2,"column":24},"end":{"line":2,"column":52}},"2":{"start":{"line":5,"column":2},"end":{"line":5,"column":59}},"3":{"start":{"line":5,"column":30},"end":{"line":5,"column":57}},"4":{"start":{"line":9,"column":2},"end":{"line":9,"column":21}},"5":{"start":{"line":13,"column":57},"end":{"line":13,"column":65}},"6":{"start":{"line":14,"column":2},"end":{"line":16,"column":3}},"7":{"start":{"line":15,"column":4},"end":{"line":15,"column":142}},"8":{"start":{"line":17,"column":21},"end":{"line":17,"column":49}},"9":{"start":{"line":18,"column":2},"end":{"line":20,"column":3}},"10":{"start":{"line":19,"column":4},"end":{"line":19,"column":136}},"11":{"start":{"line":21,"column":2},"end":{"line":23,"column":3}},"12":{"start":{"line":21,"column":27},"end":{"line":21,"column":44}},"13":{"start":{"line":22,"column":4},"end":{"line":22,"column":149}},"14":{"start":{"line":24,"column":2},"end":{"line":26,"column":3}},"15":{"start":{"line":25,"column":4},"end":{"line":25,"column":137}},"16":{"start":{"line":27,"column":2},"end":{"line":29,"column":3}},"17":{"start":{"line":28,"column":4},"end":{"line":28,"column":152}},"18":{"start":{"line":30,"column":2},"end":{"line":32,"column":3}},"19":{"start":{"line":31,"column":4},"end":{"line":31,"column":140}},"20":{"start":{"line":33,"column":16},"end":{"line":33,"column":130}},"21":{"start":{"line":34,"column":2},"end":{"line":34,"column":23}},"22":{"start":{"line":35,"column":2},"end":{"line":35,"column":30}},"23":{"start":{"line":39,"column":15},"end":{"line":39,"column":38}},"24":{"start":{"line":40,"column":2},"end":{"line":42,"column":3}},"25":{"start":{"line":41,"column":4},"end":{"line":41,"column":143}},"26":{"start":{"line":43,"column":2},"end":{"line":43,"column":17}},"27":{"start":{"line":47,"column":14},"end":{"line":47,"column":79}},"28":{"start":{"line":47,"column":40},"end":{"line":47,"column":78}},"29":{"start":{"line":48,"column":2},"end":{"line":50,"column":3}},"30":{"start":{"line":49,"column":4},"end":{"line":49,"column":143}},"31":{"start":{"line":51,"column":2},"end":{"line":51,"column":26}},"32":{"start":{"line":52,"column":2},"end":{"line":52,"column":24}},"33":{"start":{"line":56,"column":14},"end":{"line":56,"column":79}},"34":{"start":{"line":56,"column":40},"end":{"line":56,"column":78}},"35":{"start":{"line":57,"column":2},"end":{"line":59,"column":3}},"36":{"start":{"line":58,"column":4},"end":{"line":58,"column":143}},"37":{"start":{"line":60,"column":57},"end":{"line":60,"column":65}},"38":{"start":{"line":61,"column":2},"end":{"line":69,"column":3}},"39":{"start":{"line":62,"column":23},"end":{"line":62,"column":51}},"40":{"start":{"line":63,"column":4},"end":{"line":65,"column":5}},"41":{"start":{"line":64,"column":6},"end":{"line":64,"column":138}},"42":{"start":{"line":66,"column":4},"end":{"line":68,"column":5}},"43":{"start":{"line":66,"column":32},"end":{"line":66,"column":62}},"44":{"start":{"line":67,"column":6},"end":{"line":67,"column":151}},"45":{"start":{"line":70,"column":2},"end":{"line":72,"column":3}},"46":{"start":{"line":71,"column":4},"end":{"line":71,"column":137}},"47":{"start":{"line":73,"column":2},"end":{"line":75,"column":3}},"48":{"start":{"line":74,"column":4},"end":{"line":74,"column":152}},"49":{"start":{"line":76,"column":2},"end":{"line":78,"column":3}},"50":{"start":{"line":77,"column":4},"end":{"line":77,"column":140}},"51":{"start":{"line":79,"column":19},"end":{"line":79,"column":32}},"52":{"start":{"line":80,"column":2},"end":{"line":85,"column":5}},"53":{"start":{"line":86,"column":2},"end":{"line":86,"column":26}},"54":{"start":{"line":89,"column":0},"end":{"line":89,"column":69}}},"fnMap":{"0":{"name":"findById","decl":{"start":{"line":4,"column":9},"end":{"line":4,"column":17}},"loc":{"start":{"line":4,"column":22},"end":{"line":6,"column":1}},"line":4},"1":{"name":"(anonymous_1)","decl":{"start":{"line":5,"column":23},"end":{"line":5,"column":24}},"loc":{"start":{"line":5,"column":30},"end":{"line":5,"column":57}},"line":5},"2":{"name":"list","decl":{"start":{"line":8,"column":9},"end":{"line":8,"column":13}},"loc":{"start":{"line":8,"column":24},"end":{"line":10,"column":1}},"line":8},"3":{"name":"create","decl":{"start":{"line":12,"column":9},"end":{"line":12,"column":15}},"loc":{"start":{"line":12,"column":26},"end":{"line":36,"column":1}},"line":12},"4":{"name":"(anonymous_4)","decl":{"start":{"line":21,"column":20},"end":{"line":21,"column":21}},"loc":{"start":{"line":21,"column":27},"end":{"line":21,"column":44}},"line":21},"5":{"name":"getById","decl":{"start":{"line":38,"column":9},"end":{"line":38,"column":16}},"loc":{"start":{"line":38,"column":27},"end":{"line":44,"column":1}},"line":38},"6":{"name":"remove","decl":{"start":{"line":46,"column":9},"end":{"line":46,"column":15}},"loc":{"start":{"line":46,"column":26},"end":{"line":53,"column":1}},"line":46},"7":{"name":"(anonymous_7)","decl":{"start":{"line":47,"column":33},"end":{"line":47,"column":34}},"loc":{"start":{"line":47,"column":40},"end":{"line":47,"column":78}},"line":47},"8":{"name":"update","decl":{"start":{"line":55,"column":9},"end":{"line":55,"column":15}},"loc":{"start":{"line":55,"column":26},"end":{"line":87,"column":1}},"line":55},"9":{"name":"(anonymous_9)","decl":{"start":{"line":56,"column":33},"end":{"line":56,"column":34}},"loc":{"start":{"line":56,"column":40},"end":{"line":56,"column":78}},"line":56},"10":{"name":"(anonymous_10)","decl":{"start":{"line":66,"column":22},"end":{"line":66,"column":23}},"loc":{"start":{"line":66,"column":32},"end":{"line":66,"column":62}},"line":66}},"branchMap":{"0":{"loc":{"start":{"line":14,"column":2},"end":{"line":16,"column":3}},"type":"if","locations":[{"start":{"line":14,"column":2},"end":{"line":16,"column":3}},{"start":{},"end":{}}],"line":14},"1":{"loc":{"start":{"line":18,"column":2},"end":{"line":20,"column":3}},"type":"if","locations":[{"start":{"line":18,"column":2},"end":{"line":20,"column":3}},{"start":{},"end":{}}],"line":18},"2":{"loc":{"start":{"line":21,"column":2},"end":{"line":23,"column":3}},"type":"if","locations":[{"start":{"line":21,"column":2},"end":{"line":23,"column":3}},{"start":{},"end":{}}],"line":21},"3":{"loc":{"start":{"line":24,"column":2},"end":{"line":26,"column":3}},"type":"if","locations":[{"start":{"line":24,"column":2},"end":{"line":26,"column":3}},{"start":{},"end":{}}],"line":24},"4":{"loc":{"start":{"line":24,"column":6},"end":{"line":24,"column":74}},"type":"binary-expr","locations":[{"start":{"line":24,"column":6},"end":{"line":24,"column":21}},{"start":{"line":24,"column":25},"end":{"line":24,"column":74}}],"line":24},"5":{"loc":{"start":{"line":27,"column":2},"end":{"line":29,"column":3}},"type":"if","locations":[{"start":{"line":27,"column":2},"end":{"line":29,"column":3}},{"start":{},"end":{}}],"line":27},"6":{"loc":{"start":{"line":27,"column":26},"end":{"line":27,"column":40}},"type":"binary-expr","locations":[{"start":{"line":27,"column":26},"end":{"line":27,"column":34}},{"start":{"line":27,"column":38},"end":{"line":27,"column":40}}],"line":27},"7":{"loc":{"start":{"line":30,"column":2},"end":{"line":32,"column":3}},"type":"if","locations":[{"start":{"line":30,"column":2},"end":{"line":32,"column":3}},{"start":{},"end":{}}],"line":30},"8":{"loc":{"start":{"line":40,"column":2},"end":{"line":42,"column":3}},"type":"if","locations":[{"start":{"line":40,"column":2},"end":{"line":42,"column":3}},{"start":{},"end":{}}],"line":40},"9":{"loc":{"start":{"line":48,"column":2},"end":{"line":50,"column":3}},"type":"if","locations":[{"start":{"line":48,"column":2},"end":{"line":50,"column":3}},{"start":{},"end":{}}],"line":48},"10":{"loc":{"start":{"line":57,"column":2},"end":{"line":59,"column":3}},"type":"if","locations":[{"start":{"line":57,"column":2},"end":{"line":59,"column":3}},{"start":{},"end":{}}],"line":57},"11":{"loc":{"start":{"line":61,"column":2},"end":{"line":69,"column":3}},"type":"if","locations":[{"start":{"line":61,"column":2},"end":{"line":69,"column":3}},{"start":{},"end":{}}],"line":61},"12":{"loc":{"start":{"line":63,"column":4},"end":{"line":65,"column":5}},"type":"if","locations":[{"start":{"line":63,"column":4},"end":{"line":65,"column":5}},{"start":{},"end":{}}],"line":63},"13":{"loc":{"start":{"line":66,"column":4},"end":{"line":68,"column":5}},"type":"if","locations":[{"start":{"line":66,"column":4},"end":{"line":68,"column":5}},{"start":{},"end":{}}],"line":66},"14":{"loc":{"start":{"line":66,"column":32},"end":{"line":66,"column":62}},"type":"binary-expr","locations":[{"start":{"line":66,"column":32},"end":{"line":66,"column":49}},{"start":{"line":66,"column":53},"end":{"line":66,"column":62}}],"line":66},"15":{"loc":{"start":{"line":70,"column":2},"end":{"line":72,"column":3}},"type":"if","locations":[{"start":{"line":70,"column":2},"end":{"line":72,"column":3}},{"start":{},"end":{}}],"line":70},"16":{"loc":{"start":{"line":70,"column":6},"end":{"line":70,"column":73}},"type":"binary-expr","locations":[{"start":{"line":70,"column":6},"end":{"line":70,"column":20}},{"start":{"line":70,"column":24},"end":{"line":70,"column":73}}],"line":70},"17":{"loc":{"start":{"line":73,"column":2},"end":{"line":75,"column":3}},"type":"if","locations":[{"start":{"line":73,"column":2},"end":{"line":75,"column":3}},{"start":{},"end":{}}],"line":73},"18":{"loc":{"start":{"line":73,"column":6},"end":{"line":73,"column":47}},"type":"binary-expr","locations":[{"start":{"line":73,"column":6},"end":{"line":73,"column":14}},{"start":{"line":73,"column":18},"end":{"line":73,"column":47}}],"line":73},"19":{"loc":{"start":{"line":76,"column":2},"end":{"line":78,"column":3}},"type":"if","locations":[{"start":{"line":76,"column":2},"end":{"line":78,"column":3}},{"start":{},"end":{}}],"line":76},"20":{"loc":{"start":{"line":76,"column":6},"end":{"line":76,"column":55}},"type":"binary-expr","locations":[{"start":{"line":76,"column":6},"end":{"line":76,"column":15}},{"start":{"line":76,"column":19},"end":{"line":76,"column":55}}],"line":76},"21":{"loc":{"start":{"line":81,"column":20},"end":{"line":81,"column":91}},"type":"cond-expr","locations":[{"start":{"line":81,"column":51},"end":{"line":81,"column":65}},{"start":{"line":81,"column":68},"end":{"line":81,"column":91}}],"line":81},"22":{"loc":{"start":{"line":82,"column":11},"end":{"line":82,"column":55}},"type":"cond-expr","locations":[{"start":{"line":82,"column":33},"end":{"line":82,"column":38}},{"start":{"line":82,"column":41},"end":{"line":82,"column":55}}],"line":82},"23":{"loc":{"start":{"line":83,"column":14},"end":{"line":83,"column":67}},"type":"cond-expr","locations":[{"start":{"line":83,"column":39},"end":{"line":83,"column":47}},{"start":{"line":83,"column":50},"end":{"line":83,"column":67}}],"line":83},"24":{"loc":{"start":{"line":84,"column":15},"end":{"line":84,"column":71}},"type":"cond-expr","locations":[{"start":{"line":84,"column":41},"end":{"line":84,"column":50}},{"start":{"line":84,"column":53},"end":{"line":84,"column":71}}],"line":84}},"s":{"0":5,"1":5,"2":3,"3":3,"4":1,"5":8,"6":8,"7":1,"8":7,"9":7,"10":1,"11":6,"12":5,"13":1,"14":5,"15":1,"16":4,"17":1,"18":3,"19":1,"20":2,"21":2,"22":2,"23":3,"24":3,"25":2,"26":1,"27":2,"28":3,"29":2,"30":1,"31":1,"32":1,"33":7,"34":8,"35":7,"36":1,"37":6,"38":6,"39":3,"40":3,"41":1,"42":2,"43":3,"44":1,"45":4,"46":1,"47":3,"48":1,"49":2,"50":1,"51":1,"52":1,"53":1,"54":5},"f":{"0":3,"1":3,"2":1,"3":8,"4":5,"5":3,"6":2,"7":3,"8":7,"9":8,"10":3},"b":{"0":[1,7],"1":[1,6],"2":[1,5],"3":[1,4],"4":[5,5],"5":[1,3],"6":[4,0],"7":[1,2],"8":[2,1],"9":[1,1],"10":[1,6],"11":[3,3],"12":[1,2],"13":[1,1],"14":[3,1],"15":[1,3],"16":[4,2],"17":[1,2],"18":[3,2],"19":[1,1],"20":[2,2],"21":[1,0],"22":[1,0],"23":[1,0],"24":[1,0]},"_coverageSchema":"1a1c01bbd47fc00a2c39e90264f33305004495a9","hash":"a4ef2c18fbdaef5880f8b9d1f4b1ae92bdc7003c"}
,"C:\\Users\\User\\OneDrive\\Desktop\\PROYECTOS-PRUEBAS-DE-SW\\proyecto-biblioteca\\src\\routes\\empleado.routes.js": {"path":"C:\\Users\\User\\OneDrive\\Desktop\\PROYECTOS-PRUEBAS-DE-SW\\proyecto-biblioteca\\src\\routes\\empleado.routes.js","statementMap":{"0":{"start":{"line":1,"column":16},"end":{"line":1,"column":34}},"1":{"start":{"line":2,"column":15},"end":{"line":2,"column":31}},"2":{"start":{"line":3,"column":19},"end":{"line":3,"column":64}},"3":{"start":{"line":5,"column":0},"end":{"line":5,"column":33}},"4":{"start":{"line":6,"column":0},"end":{"line":6,"column":36}},"5":{"start":{"line":7,"column":0},"end":{"line":7,"column":39}},"6":{"start":{"line":8,"column":0},"end":{"line":8,"column":41}},"7":{"start":{"line":9,"column":0},"end":{"line":9,"column":38}},"8":{"start":{"line":11,"column":0},"end":{"line":11,"column":24}}},"fnMap":{},"branchMap":{},"s":{"0":5,"1":5,"2":5,"3":5,"4":5,"5":5,"6":5,"7":5,"8":5},"f":{},"b":{},"_coverageSchema":"1a1c01bbd47fc00a2c39e90264f33305004495a9","hash":"8f5687224b1e5d4ed98d45f01934e9c3c8b00ff4"}
,"C:\\Users\\User\\OneDrive\\Desktop\\PROYECTOS-PRUEBAS-DE-SW\\proyecto-biblioteca\\src\\routes\\libro.routes.js": {"path":"C:\\Users\\User\\OneDrive\\Desktop\\PROYECTOS-PRUEBAS-DE-SW\\proyecto-biblioteca\\src\\routes\\libro.routes.js","statementMap":{"0":{"start":{"line":1,"column":16},"end":{"line":1,"column":34}},"1":{"start":{"line":2,"column":15},"end":{"line":2,"column":31}},"2":{"start":{"line":3,"column":19},"end":{"line":3,"column":61}},"3":{"start":{"line":5,"column":0},"end":{"line":5,"column":33}},"4":{"start":{"line":6,"column":0},"end":{"line":6,"column":39}},"5":{"start":{"line":7,"column":0},"end":{"line":7,"column":36}},"6":{"start":{"line":8,"column":0},"end":{"line":8,"column":38}},"7":{"start":{"line":9,"column":0},"end":{"line":9,"column":41}},"8":{"start":{"line":11,"column":0},"end":{"line":11,"column":24}}},"fnMap":{},"branchMap":{},"s":{"0":5,"1":5,"2":5,"3":5,"4":5,"5":5,"6":5,"7":5,"8":5},"f":{},"b":{},"_coverageSchema":"1a1c01bbd47fc00a2c39e90264f33305004495a9","hash":"23916cf44ef6b7c429101248622ae6ee93922542"}
,"C:\\Users\\User\\OneDrive\\Desktop\\PROYECTOS-PRUEBAS-DE-SW\\proyecto-biblioteca\\src\\routes\\proveedor.routes.js": {"path":"C:\\Users\\User\\OneDrive\\Desktop\\PROYECTOS-PRUEBAS-DE-SW\\proyecto-biblioteca\\src\\routes\\proveedor.routes.js","statementMap":{"0":{"start":{"line":1,"column":16},"end":{"line":1,"column":34}},"1":{"start":{"line":2,"column":15},"end":{"line":2,"column":31}},"2":{"start":{"line":3,"column":19},"end":{"line":3,"column":65}},"3":{"start":{"line":5,"column":0},"end":{"line":5,"column":33}},"4":{"start":{"line":6,"column":0},"end":{"line":6,"column":36}},"5":{"start":{"line":7,"column":0},"end":{"line":7,"column":39}},"6":{"start":{"line":8,"column":0},"end":{"line":8,"column":41}},"7":{"start":{"line":9,"column":0},"end":{"line":9,"column":38}},"8":{"start":{"line":11,"column":0},"end":{"line":11,"column":24}}},"fnMap":{},"branchMap":{},"s":{"0":5,"1":5,"2":5,"3":5,"4":5,"5":5,"6":5,"7":5,"8":5},"f":{},"b":{},"_coverageSchema":"1a1c01bbd47fc00a2c39e90264f33305004495a9","hash":"9b0dde5873d9da28de486b78d422c8feb70c8b7e"}
,"C:\\Users\\User\\OneDrive\\Desktop\\PROYECTOS-PRUEBAS-DE-SW\\proyecto-biblioteca\\src\\routes\\usuario.routes.js": {"path":"C:\\Users\\User\\OneDrive\\Desktop\\PROYECTOS-PRUEBAS-DE-SW\\proyecto-biblioteca\\src\\routes\\usuario.routes.js","statementMap":{"0":{"start":{"line":1,"column":16},"end":{"line":1,"column":34}},"1":{"start":{"line":2,"column":15},"end":{"line":2,"column":31}},"2":{"start":{"line":3,"column":19},"end":{"line":3,"column":63}},"3":{"start":{"line":5,"column":0},"end":{"line":5,"column":33}},"4":{"start":{"line":6,"column":0},"end":{"line":6,"column":36}},"5":{"start":{"line":7,"column":0},"end":{"line":7,"column":39}},"6":{"start":{"line":8,"column":0},"end":{"line":8,"column":41}},"7":{"start":{"line":9,"column":0},"end":{"line":9,"column":38}},"8":{"start":{"line":11,"column":0},"end":{"line":11,"column":24}}},"fnMap":{},"branchMap":{},"s":{"0":5,"1":5,"2":5,"3":5,"4":5,"5":5,"6":5,"7":5,"8":5},"f":{},"b":{},"_coverageSchema":"1a1c01bbd47fc00a2c39e90264f33305004495a9","hash":"47318442f4e000b201346227552f2b0e02828a1c"}
}
