TN:
SF:src\app.js
FN:10,errorResponse
FN:28,(anonymous_1)
FN:35,(anonymous_2)
FNF:3
FNH:3
FNDA:4,errorResponse
FNDA:1,(anonymous_1)
FNDA:4,(anonymous_2)
DA:1,5
DA:2,5
DA:3,5
DA:5,5
DA:6,5
DA:7,5
DA:8,5
DA:11,4
DA:19,5
DA:20,5
DA:21,5
DA:23,5
DA:24,5
DA:25,5
DA:26,5
DA:28,5
DA:29,1
DA:32,5
DA:33,5
DA:35,5
DA:36,4
DA:39,5
DA:40,5
DA:41,0
DA:44,5
LF:25
LH:24
BRDA:39,0,0,5
BRDA:39,0,1,5
BRDA:40,1,0,0
BRDA:40,1,1,5
BRF:4
BRH:3
end_of_record
TN:
SF:src\controllers\empleado.controller.js
FN:4,findById
FN:5,(anonymous_1)
FN:8,list
FN:12,create
FN:23,(anonymous_4)
FN:31,getById
FN:39,remove
FN:40,(anonymous_7)
FN:48,update
FN:49,(anonymous_9)
FN:63,(anonymous_10)
FNF:11
FNH:11
FNDA:3,findById
FNDA:3,(anonymous_1)
FNDA:1,list
FNDA:7,create
FNDA:2,(anonymous_4)
FNDA:3,getById
FNDA:2,remove
FNDA:3,(anonymous_7)
FNDA:6,update
FNDA:7,(anonymous_9)
FNDA:3,(anonymous_10)
DA:1,5
DA:2,5
DA:5,3
DA:9,1
DA:13,7
DA:14,7
DA:15,1
DA:17,6
DA:18,1
DA:20,5
DA:21,2
DA:23,3
DA:24,1
DA:26,2
DA:27,2
DA:28,2
DA:32,3
DA:33,3
DA:34,2
DA:36,1
DA:40,3
DA:41,2
DA:42,1
DA:44,1
DA:45,1
DA:49,7
DA:50,6
DA:51,1
DA:53,5
DA:54,5
DA:55,1
DA:57,4
DA:58,1
DA:60,3
DA:61,1
DA:63,3
DA:64,1
DA:66,1
DA:67,1
DA:73,1
DA:76,5
LF:41
LH:41
BRDA:14,0,0,1
BRDA:14,0,1,6
BRDA:14,1,0,7
BRDA:14,1,1,7
BRDA:17,2,0,1
BRDA:17,2,1,5
BRDA:20,3,0,2
BRDA:20,3,1,3
BRDA:20,4,0,5
BRDA:20,4,1,4
BRDA:23,5,0,1
BRDA:23,5,1,2
BRDA:26,6,0,2
BRDA:26,6,1,2
BRDA:33,7,0,2
BRDA:33,7,1,1
BRDA:41,8,0,1
BRDA:41,8,1,1
BRDA:50,9,0,1
BRDA:50,9,1,5
BRDA:54,10,0,1
BRDA:54,10,1,4
BRDA:54,11,0,5
BRDA:54,11,1,3
BRDA:57,12,0,1
BRDA:57,12,1,3
BRDA:57,13,0,4
BRDA:57,13,1,2
BRDA:60,14,0,1
BRDA:60,14,1,2
BRDA:60,15,0,3
BRDA:60,15,1,2
BRDA:60,15,2,2
BRDA:63,16,0,1
BRDA:63,16,1,1
BRDA:63,17,0,2
BRDA:63,17,1,2
BRDA:63,18,0,3
BRDA:63,18,1,1
BRDA:68,19,0,1
BRDA:68,19,1,0
BRDA:69,20,0,1
BRDA:69,20,1,0
BRDA:70,21,0,1
BRDA:70,21,1,0
BRDA:71,22,0,0
BRDA:71,22,1,1
BRF:47
BRH:43
end_of_record
TN:
SF:src\controllers\libro.controller.js
FN:7,(anonymous_0)
FN:14,(anonymous_1)
FN:15,(anonymous_2)
FN:18,(anonymous_3)
FN:22,(anonymous_4)
FN:23,(anonymous_5)
FN:28,(anonymous_6)
FN:39,(anonymous_7)
FN:56,(anonymous_8)
FN:57,(anonymous_9)
FN:63,(anonymous_10)
FN:94,(anonymous_11)
FN:95,(anonymous_12)
FN:106,(anonymous_13)
FN:116,(anonymous_14)
FN:118,(anonymous_15)
FN:127,(anonymous_16)
FN:136,(anonymous_17)
FN:145,(anonymous_18)
FNF:19
FNH:19
FNDA:11,(anonymous_0)
FNDA:10,(anonymous_1)
FNDA:10,(anonymous_2)
FNDA:1,(anonymous_3)
FNDA:2,(anonymous_4)
FNDA:6,(anonymous_5)
FNDA:13,(anonymous_6)
FNDA:12,(anonymous_7)
FNDA:7,(anonymous_8)
FNDA:18,(anonymous_9)
FNDA:3,(anonymous_10)
FNDA:3,(anonymous_11)
FNDA:10,(anonymous_12)
FNDA:9,(anonymous_13)
FNDA:1,(anonymous_14)
FNDA:7,(anonymous_15)
FNDA:2,(anonymous_16)
FNDA:5,(anonymous_17)
FNDA:3,(anonymous_18)
DA:1,5
DA:8,11
DA:9,11
DA:15,10
DA:19,1
DA:23,6
DA:24,2
DA:25,1
DA:29,13
DA:31,13
DA:32,2
DA:35,11
DA:36,2
DA:39,12
DA:40,2
DA:43,7
DA:52,7
DA:53,7
DA:57,18
DA:58,7
DA:60,6
DA:61,6
DA:63,6
DA:64,1
DA:67,5
DA:68,3
DA:69,1
DA:71,2
DA:72,2
DA:73,0
DA:77,4
DA:81,4
DA:90,4
DA:91,4
DA:95,10
DA:96,3
DA:97,2
DA:98,0
DA:100,2
DA:104,5
DA:106,5
DA:107,9
DA:108,9
DA:116,5
DA:118,5
DA:119,7
DA:120,7
DA:121,3
DA:123,4
DA:127,5
DA:128,2
DA:129,2
DA:130,1
DA:132,1
DA:136,5
DA:137,5
DA:138,5
DA:139,2
DA:141,3
DA:145,5
DA:146,3
DA:147,3
DA:148,2
DA:150,1
DA:154,5
LF:65
LH:63
BRDA:7,0,0,0
BRDA:14,1,0,0
BRDA:24,2,0,1
BRDA:24,2,1,1
BRDA:31,3,0,2
BRDA:31,3,1,11
BRDA:31,4,0,13
BRDA:31,4,1,13
BRDA:31,4,2,11
BRDA:31,4,3,11
BRDA:31,4,4,11
BRDA:35,5,0,2
BRDA:35,5,1,9
BRDA:35,6,0,11
BRDA:35,6,1,10
BRDA:39,7,0,2
BRDA:39,7,1,7
BRDA:58,8,0,1
BRDA:58,8,1,6
BRDA:63,9,0,1
BRDA:63,9,1,5
BRDA:63,10,0,6
BRDA:63,10,1,1
BRDA:63,11,0,3
BRDA:63,11,1,1
BRDA:67,12,0,3
BRDA:67,12,1,2
BRDA:68,13,0,1
BRDA:68,13,1,2
BRDA:68,14,0,3
BRDA:68,14,1,3
BRDA:72,15,0,0
BRDA:72,15,1,2
BRDA:77,16,0,2
BRDA:77,16,1,2
BRDA:83,17,0,4
BRDA:83,17,1,2
BRDA:84,18,0,4
BRDA:84,18,1,4
BRDA:85,19,0,4
BRDA:85,19,1,4
BRDA:86,20,0,4
BRDA:86,20,1,2
BRDA:96,21,0,1
BRDA:96,21,1,2
BRDA:97,22,0,0
BRDA:97,22,1,2
BRDA:107,23,0,9
BRDA:107,23,1,0
BRF:49
BRH:44
end_of_record
TN:
SF:src\controllers\proveedor.controller.js
FN:3,findById
FN:4,(anonymous_1)
FN:7,list
FN:11,create
FN:19,(anonymous_4)
FN:37,getById
FN:45,remove
FN:46,(anonymous_7)
FN:54,update
FN:55,(anonymous_9)
FN:64,(anonymous_10)
FNF:11
FNH:11
FNDA:3,findById
FNDA:5,(anonymous_1)
FNDA:1,list
FNDA:8,create
FNDA:10,(anonymous_4)
FNDA:3,getById
FNDA:2,remove
FNDA:4,(anonymous_7)
FNDA:9,update
FNDA:11,(anonymous_9)
FNDA:6,(anonymous_10)
DA:1,5
DA:4,5
DA:8,1
DA:12,8
DA:13,8
DA:14,1
DA:16,7
DA:17,0
DA:19,10
DA:20,1
DA:22,6
DA:23,0
DA:25,6
DA:26,6
DA:27,0
DA:29,6
DA:30,3
DA:32,3
DA:33,3
DA:34,3
DA:38,3
DA:39,3
DA:40,2
DA:42,1
DA:46,4
DA:47,2
DA:48,1
DA:50,1
DA:51,1
DA:55,11
DA:56,9
DA:57,1
DA:59,8
DA:60,8
DA:61,3
DA:62,1
DA:64,6
DA:65,1
DA:68,6
DA:69,1
DA:71,5
DA:72,2
DA:73,2
DA:74,1
DA:77,4
DA:78,1
DA:80,3
DA:81,3
DA:89,3
DA:92,5
LF:50
LH:47
BRDA:13,0,0,1
BRDA:13,0,1,7
BRDA:16,1,0,0
BRDA:16,1,1,7
BRDA:19,2,0,1
BRDA:19,2,1,6
BRDA:22,3,0,0
BRDA:22,3,1,6
BRDA:22,4,0,6
BRDA:22,4,1,6
BRDA:26,5,0,0
BRDA:26,5,1,6
BRDA:26,6,0,6
BRDA:26,6,1,5
BRDA:29,7,0,3
BRDA:29,7,1,3
BRDA:29,8,0,6
BRDA:29,8,1,1
BRDA:39,9,0,2
BRDA:39,9,1,1
BRDA:47,10,0,1
BRDA:47,10,1,1
BRDA:56,11,0,1
BRDA:56,11,1,8
BRDA:60,12,0,3
BRDA:60,12,1,5
BRDA:61,13,0,1
BRDA:61,13,1,2
BRDA:64,14,0,1
BRDA:64,14,1,1
BRDA:64,15,0,6
BRDA:64,15,1,1
BRDA:68,16,0,1
BRDA:68,16,1,5
BRDA:68,17,0,6
BRDA:68,17,1,3
BRDA:71,18,0,2
BRDA:71,18,1,3
BRDA:73,19,0,1
BRDA:73,19,1,1
BRDA:77,20,0,1
BRDA:77,20,1,3
BRDA:77,21,0,4
BRDA:77,21,1,2
BRDA:82,22,0,2
BRDA:82,22,1,1
BRDA:83,23,0,1
BRDA:83,23,1,2
BRDA:84,24,0,1
BRDA:84,24,1,2
BRDA:85,25,0,1
BRDA:85,25,1,2
BRDA:86,26,0,1
BRDA:86,26,1,2
BRDA:87,27,0,1
BRDA:87,27,1,2
BRF:56
BRH:53
end_of_record
TN:
SF:src\controllers\usuario.controller.js
FN:4,findById
FN:5,(anonymous_1)
FN:8,list
FN:12,create
FN:21,(anonymous_4)
FN:38,getById
FN:46,remove
FN:47,(anonymous_7)
FN:55,update
FN:56,(anonymous_9)
FN:66,(anonymous_10)
FNF:11
FNH:11
FNDA:3,findById
FNDA:3,(anonymous_1)
FNDA:1,list
FNDA:8,create
FNDA:5,(anonymous_4)
FNDA:3,getById
FNDA:2,remove
FNDA:3,(anonymous_7)
FNDA:7,update
FNDA:8,(anonymous_9)
FNDA:3,(anonymous_10)
DA:1,5
DA:2,5
DA:5,3
DA:9,1
DA:13,8
DA:14,8
DA:15,1
DA:17,7
DA:18,7
DA:19,1
DA:21,6
DA:22,1
DA:24,5
DA:25,1
DA:27,4
DA:28,1
DA:30,3
DA:31,1
DA:33,2
DA:34,2
DA:35,2
DA:39,3
DA:40,3
DA:41,2
DA:43,1
DA:47,3
DA:48,2
DA:49,1
DA:51,1
DA:52,1
DA:56,8
DA:57,7
DA:58,1
DA:60,6
DA:61,6
DA:62,3
DA:63,3
DA:64,1
DA:66,3
DA:67,1
DA:70,4
DA:71,1
DA:73,3
DA:74,1
DA:76,2
DA:77,1
DA:79,1
DA:80,1
DA:86,1
DA:89,5
LF:50
LH:50
BRDA:14,0,0,1
BRDA:14,0,1,7
BRDA:18,1,0,1
BRDA:18,1,1,6
BRDA:21,2,0,1
BRDA:21,2,1,5
BRDA:24,3,0,1
BRDA:24,3,1,4
BRDA:24,4,0,5
BRDA:24,4,1,5
BRDA:27,5,0,1
BRDA:27,5,1,3
BRDA:27,6,0,4
BRDA:27,6,1,0
BRDA:30,7,0,1
BRDA:30,7,1,2
BRDA:40,8,0,2
BRDA:40,8,1,1
BRDA:48,9,0,1
BRDA:48,9,1,1
BRDA:57,10,0,1
BRDA:57,10,1,6
BRDA:61,11,0,3
BRDA:61,11,1,3
BRDA:63,12,0,1
BRDA:63,12,1,2
BRDA:66,13,0,1
BRDA:66,13,1,1
BRDA:66,14,0,3
BRDA:66,14,1,1
BRDA:70,15,0,1
BRDA:70,15,1,3
BRDA:70,16,0,4
BRDA:70,16,1,2
BRDA:73,17,0,1
BRDA:73,17,1,2
BRDA:73,18,0,3
BRDA:73,18,1,2
BRDA:76,19,0,1
BRDA:76,19,1,1
BRDA:76,20,0,2
BRDA:76,20,1,2
BRDA:81,21,0,1
BRDA:81,21,1,0
BRDA:82,22,0,1
BRDA:82,22,1,0
BRDA:83,23,0,1
BRDA:83,23,1,0
BRDA:84,24,0,1
BRDA:84,24,1,0
BRF:50
BRH:45
end_of_record
TN:
SF:src\routes\empleado.routes.js
FNF:0
FNH:0
DA:1,5
DA:2,5
DA:3,5
DA:5,5
DA:6,5
DA:7,5
DA:8,5
DA:9,5
DA:11,5
LF:9
LH:9
BRF:0
BRH:0
end_of_record
TN:
SF:src\routes\libro.routes.js
FNF:0
FNH:0
DA:1,5
DA:2,5
DA:3,5
DA:5,5
DA:6,5
DA:7,5
DA:8,5
DA:9,5
DA:11,5
LF:9
LH:9
BRF:0
BRH:0
end_of_record
TN:
SF:src\routes\proveedor.routes.js
FNF:0
FNH:0
DA:1,5
DA:2,5
DA:3,5
DA:5,5
DA:6,5
DA:7,5
DA:8,5
DA:9,5
DA:11,5
LF:9
LH:9
BRF:0
BRH:0
end_of_record
TN:
SF:src\routes\usuario.routes.js
FNF:0
FNH:0
DA:1,5
DA:2,5
DA:3,5
DA:5,5
DA:6,5
DA:7,5
DA:8,5
DA:9,5
DA:11,5
LF:9
LH:9
BRF:0
BRH:0
end_of_record
